<?xml version="1.0" encoding="UTF-8"?>
<testsuite xmlns:xsi="http://www.w3.org/2001/XMLSchema-instance" xsi:noNamespaceSchemaLocation="https://maven.apache.org/surefire/maven-surefire-plugin/xsd/surefire-test-report-3.0.xsd" version="3.0" name="guru.springframework.sfgpetclinic.SfgPetClinicApplicationTests" time="8.033" tests="1" errors="0" skipped="0" failures="0">
  <properties>
[...]
</properties>
  <testcase name="contextLoads" classname="guru.springframework.sfgpetclinic.SfgPetClinicApplicationTests" time="0.918">
    <system-out><![CDATA[19:03:37.114 [main] INFO org.springframework.test.context.support.AnnotationConfigContextLoaderUtils -- Could not detect default configuration classes for test class [guru.springframework.sfgpetclinic.SfgPetClinicApplicationTests]: SfgPetClinicApplicationTests does not declare any static, non-private, non-final, nested classes annotated with @Configuration.
19:03:37.244 [main] INFO org.springframework.boot.test.context.SpringBootTestContextBootstrapper -- Found @SpringBootConfiguration guru.springframework.sfgpetclinic.SfgPetClinicApplication for test class guru.springframework.sfgpetclinic.SfgPetClinicApplicationTests
19:03:37.464 [main] INFO org.springframework.boot.devtools.restart.RestartApplicationListener -- Restart disabled due to context in which it is running

  .   ____          _            __ _ _
 /\\ / ___'_ __ _ _(_)_ __  __ _ \ \ \ \
( ( )\___ | '_ | '_| | '_ \/ _` | \ \ \ \
 \\/  ___)| |_)| | | | | || (_| |  ) ) ) )
  '  |____| .__|_| |_|_| |_\__, | / / / /
 =========|_|==============|___/=/_/_/_/
 :: Spring Boot ::                (v3.2.5)

2024-09-22T19:03:37.854+05:30  INFO 31836 --- [sfg-pet-clinic] [           main] g.s.s.SfgPetClinicApplicationTests       : Starting SfgPetClinicApplicationTests using Java 17 with PID 31836 (started by Simanta.Sarma in D:\springframework2024\Pet-Clinic\sfg-pet-clinic\pet-clinic-web)
2024-09-22T19:03:37.856+05:30  INFO 31836 --- [sfg-pet-clinic] [           main] g.s.s.SfgPetClinicApplicationTests       : No active profile set, falling back to 1 default profile: "default"
2024-09-22T19:03:39.451+05:30  INFO 31836 --- [sfg-pet-clinic] [           main] .s.d.r.c.RepositoryConfigurationDelegate : Bootstrapping Spring Data JPA repositories in DEFAULT mode.
2024-09-22T19:03:39.482+05:30  INFO 31836 --- [sfg-pet-clinic] [           main] .s.d.r.c.RepositoryConfigurationDelegate : Finished Spring Data repository scanning in 20 ms. Found 0 JPA repository interfaces.
2024-09-22T19:03:40.351+05:30  INFO 31836 --- [sfg-pet-clinic] [           main] com.zaxxer.hikari.HikariDataSource       : HikariPool-1 - Starting...
2024-09-22T19:03:40.609+05:30  INFO 31836 --- [sfg-pet-clinic] [           main] com.zaxxer.hikari.pool.HikariPool        : HikariPool-1 - Added connection conn0: url=jdbc:h2:mem:0c87cbb8-f3c8-4b8f-8d60-71b041f55dad user=SA
2024-09-22T19:03:40.612+05:30  INFO 31836 --- [sfg-pet-clinic] [           main] com.zaxxer.hikari.HikariDataSource       : HikariPool-1 - Start completed.
2024-09-22T19:03:40.685+05:30  INFO 31836 --- [sfg-pet-clinic] [           main] o.hibernate.jpa.internal.util.LogHelper  : HHH000204: Processing PersistenceUnitInfo [name: default]
2024-09-22T19:03:40.767+05:30  INFO 31836 --- [sfg-pet-clinic] [           main] org.hibernate.Version                    : HHH000412: Hibernate ORM core version 6.4.4.Final
2024-09-22T19:03:40.836+05:30  INFO 31836 --- [sfg-pet-clinic] [           main] o.h.c.internal.RegionFactoryInitiator    : HHH000026: Second-level cache disabled
2024-09-22T19:03:41.192+05:30  INFO 31836 --- [sfg-pet-clinic] [           main] o.s.o.j.p.SpringPersistenceUnitInfo      : No LoadTimeWeaver setup: ignoring JPA class transformer
2024-09-22T19:03:41.611+05:30  INFO 31836 --- [sfg-pet-clinic] [           main] o.h.e.t.j.p.i.JtaPlatformInitiator       : HHH000489: No JTA platform available (set 'hibernate.transaction.jta.platform' to enable JTA platform integration)
2024-09-22T19:03:41.616+05:30  INFO 31836 --- [sfg-pet-clinic] [           main] j.LocalContainerEntityManagerFactoryBean : Initialized JPA EntityManagerFactory for persistence unit 'default'
2024-09-22T19:03:41.937+05:30  WARN 31836 --- [sfg-pet-clinic] [           main] JpaBaseConfiguration$JpaWebConfiguration : spring.jpa.open-in-view is enabled by default. Therefore, database queries may be performed during view rendering. Explicitly configure spring.jpa.open-in-view to disable this warning
2024-09-22T19:03:42.018+05:30  INFO 31836 --- [sfg-pet-clinic] [           main] o.s.b.a.w.s.WelcomePageHandlerMapping    : Adding welcome page template: index
2024-09-22T19:03:43.849+05:30  INFO 31836 --- [sfg-pet-clinic] [           main] o.s.b.a.e.web.EndpointLinksResolver      : Exposing 1 endpoint(s) beneath base path '/actuator'
2024-09-22T19:03:43.953+05:30  INFO 31836 --- [sfg-pet-clinic] [           main] g.s.s.SfgPetClinicApplicationTests       : Started SfgPetClinicApplicationTests in 6.507 seconds (process running for 7.813)
Loaded Owners...
Loaded Vets....
]]></system-out>
  </testcase>
</testsuite>